Determining if the pthread_create exist failed with the following output:
Change Dir: /home/toner/rbe500-ros/build/CMakeFiles/CMakeTmp

Run Build Command:"/usr/bin/make" "cmTC_2faba/fast"
/usr/bin/make -f CMakeFiles/cmTC_2faba.dir/build.make CMakeFiles/cmTC_2faba.dir/build
make[1]: Entering directory '/home/toner/rbe500-ros/build/CMakeFiles/CMakeTmp'
Building C object CMakeFiles/cmTC_2faba.dir/CheckSymbolExists.c.o
/usr/bin/cc    -o CMakeFiles/cmTC_2faba.dir/CheckSymbolExists.c.o   -c /home/toner/rbe500-ros/build/CMakeFiles/CMakeTmp/CheckSymbolExists.c
Linking C executable cmTC_2faba
/usr/bin/cmake -E cmake_link_script CMakeFiles/cmTC_2faba.dir/link.txt --verbose=1
/usr/bin/cc      -rdynamic CMakeFiles/cmTC_2faba.dir/CheckSymbolExists.c.o  -o cmTC_2faba 
CMakeFiles/cmTC_2faba.dir/CheckSymbolExists.c.o: In function `main':
CheckSymbolExists.c:(.text+0x1b): undefined reference to `pthread_create'
collect2: error: ld returned 1 exit status
CMakeFiles/cmTC_2faba.dir/build.make:97: recipe for target 'cmTC_2faba' failed
make[1]: *** [cmTC_2faba] Error 1
make[1]: Leaving directory '/home/toner/rbe500-ros/build/CMakeFiles/CMakeTmp'
Makefile:126: recipe for target 'cmTC_2faba/fast' failed
make: *** [cmTC_2faba/fast] Error 2

File /home/toner/rbe500-ros/build/CMakeFiles/CMakeTmp/CheckSymbolExists.c:
/* */
#include <pthread.h>

int main(int argc, char** argv)
{
  (void)argv;
#ifndef pthread_create
  return ((int*)(&pthread_create))[argc];
#else
  (void)argc;
  return 0;
#endif
}

Determining if the function pthread_create exists in the pthreads failed with the following output:
Change Dir: /home/toner/rbe500-ros/build/CMakeFiles/CMakeTmp

Run Build Command:"/usr/bin/make" "cmTC_30a1d/fast"
/usr/bin/make -f CMakeFiles/cmTC_30a1d.dir/build.make CMakeFiles/cmTC_30a1d.dir/build
make[1]: Entering directory '/home/toner/rbe500-ros/build/CMakeFiles/CMakeTmp'
Building C object CMakeFiles/cmTC_30a1d.dir/CheckFunctionExists.c.o
/usr/bin/cc   -DCHECK_FUNCTION_EXISTS=pthread_create   -o CMakeFiles/cmTC_30a1d.dir/CheckFunctionExists.c.o   -c /usr/share/cmake-3.10/Modules/CheckFunctionExists.c
Linking C executable cmTC_30a1d
/usr/bin/cmake -E cmake_link_script CMakeFiles/cmTC_30a1d.dir/link.txt --verbose=1
/usr/bin/cc  -DCHECK_FUNCTION_EXISTS=pthread_create    -rdynamic CMakeFiles/cmTC_30a1d.dir/CheckFunctionExists.c.o  -o cmTC_30a1d -lpthreads 
/usr/bin/ld: cannot find -lpthreads
collect2: error: ld returned 1 exit status
CMakeFiles/cmTC_30a1d.dir/build.make:97: recipe for target 'cmTC_30a1d' failed
make[1]: *** [cmTC_30a1d] Error 1
make[1]: Leaving directory '/home/toner/rbe500-ros/build/CMakeFiles/CMakeTmp'
Makefile:126: recipe for target 'cmTC_30a1d/fast' failed
make: *** [cmTC_30a1d/fast] Error 2


